  [1m[35m (2.8ms)[0m  [1m[35mCREATE DATABASE "launcher_news_development" ENCODING = 'unicode'[0m
  [1m[35m (1.3ms)[0m  [1m[35mCREATE DATABASE "launcher_news_test" ENCODING = 'unicode'[0m
  [1m[35m (2.0ms)[0m  [1m[34mSELECT "schema_migrations"."version" FROM "schema_migrations" ORDER BY "schema_migrations"."version" ASC[0m
  [1m[35m (0.4ms)[0m  [1m[34mSELECT "schema_migrations"."version" FROM "schema_migrations" ORDER BY "schema_migrations"."version" ASC[0m
  [1m[35mSQL (0.5ms)[0m  [1m[35mCREATE EXTENSION IF NOT EXISTS "plpgsql"[0m
  [1m[35m (3.8ms)[0m  [1m[35mDROP TABLE IF EXISTS "articles" CASCADE[0m
  [1m[35m (31.7ms)[0m  [1m[35mCREATE TABLE "articles" ("id" bigserial primary key, "title" character varying NOT NULL, "url" text NOT NULL, "description" text, "created_at" timestamp NOT NULL, "updated_at" timestamp NOT NULL)[0m
  [1m[35m (2.0ms)[0m  [1m[34mSELECT "schema_migrations"."version" FROM "schema_migrations" ORDER BY "schema_migrations"."version" ASC[0m
  [1m[35m (0.9ms)[0m  [1m[32mINSERT INTO "schema_migrations" (version) VALUES (20170405142139)[0m
  [1m[36mActiveRecord::InternalMetadata Load (0.8ms)[0m  [1m[34mSELECT  "ar_internal_metadata".* FROM "ar_internal_metadata" WHERE "ar_internal_metadata"."key" = $1 LIMIT $2[0m  [["key", "environment"], ["LIMIT", 1]]
  [1m[35m (0.4ms)[0m  [1m[35mBEGIN[0m
  [1m[35m (0.3ms)[0m  [1m[35mCOMMIT[0m
  [1m[36mActiveRecord::InternalMetadata Load (0.4ms)[0m  [1m[34mSELECT  "ar_internal_metadata".* FROM "ar_internal_metadata" WHERE "ar_internal_metadata"."key" = $1 LIMIT $2[0m  [["key", "environment"], ["LIMIT", 1]]
  [1m[35m (0.2ms)[0m  [1m[35mBEGIN[0m
  [1m[35m (0.3ms)[0m  [1m[35mCOMMIT[0m
  [1m[35mSQL (0.8ms)[0m  [1m[35mCREATE EXTENSION IF NOT EXISTS "plpgsql"[0m
  [1m[35m (0.4ms)[0m  [1m[35mDROP TABLE IF EXISTS "articles" CASCADE[0m
  [1m[35m (22.0ms)[0m  [1m[35mCREATE TABLE "articles" ("id" bigserial primary key, "title" character varying NOT NULL, "url" text NOT NULL, "description" text, "created_at" timestamp NOT NULL, "updated_at" timestamp NOT NULL)[0m
  [1m[35m (1.9ms)[0m  [1m[34mSELECT "schema_migrations"."version" FROM "schema_migrations" ORDER BY "schema_migrations"."version" ASC[0m
  [1m[35m (1.6ms)[0m  [1m[32mINSERT INTO "schema_migrations" (version) VALUES (20170405142139)[0m
  [1m[36mActiveRecord::InternalMetadata Load (0.6ms)[0m  [1m[34mSELECT  "ar_internal_metadata".* FROM "ar_internal_metadata" WHERE "ar_internal_metadata"."key" = $1 LIMIT $2[0m  [["key", "environment"], ["LIMIT", 1]]
  [1m[35m (0.2ms)[0m  [1m[35mBEGIN[0m
  [1m[36mActiveRecord::InternalMetadata Update (0.9ms)[0m  [1m[33mUPDATE "ar_internal_metadata" SET "value" = $1, "updated_at" = $2 WHERE "ar_internal_metadata"."key" = $3[0m  [["value", "development"], ["updated_at", "2019-01-15 16:06:29.357022"], ["key", "environment"]]
  [1m[35m (0.5ms)[0m  [1m[35mCOMMIT[0m
  [1m[36mActiveRecord::InternalMetadata Load (0.7ms)[0m  [1m[34mSELECT  "ar_internal_metadata".* FROM "ar_internal_metadata" WHERE "ar_internal_metadata"."key" = $1 LIMIT $2[0m  [["key", "environment"], ["LIMIT", 1]]
  [1m[35m (0.2ms)[0m  [1m[35mBEGIN[0m
  [1m[36mActiveRecord::InternalMetadata Update (0.5ms)[0m  [1m[33mUPDATE "ar_internal_metadata" SET "value" = $1, "updated_at" = $2 WHERE "ar_internal_metadata"."key" = $3[0m  [["value", "test"], ["updated_at", "2019-01-15 16:06:29.364168"], ["key", "environment"]]
  [1m[35m (0.5ms)[0m  [1m[35mCOMMIT[0m
  [1m[35m (1.2ms)[0m  [1m[34mSELECT "schema_migrations"."version" FROM "schema_migrations" ORDER BY "schema_migrations"."version" ASC[0m
  [1m[36mArticle Load (0.7ms)[0m  [1m[34mSELECT  "articles".* FROM "articles" WHERE "articles"."title" = $1 LIMIT $2[0m  [["title", "Why does Ember.js rock?"], ["LIMIT", 1]]
  [1m[35m (0.3ms)[0m  [1m[35mBEGIN[0m
  [1m[36mArticle Create (1.4ms)[0m  [1m[32mINSERT INTO "articles" ("title", "url", "description", "created_at", "updated_at") VALUES ($1, $2, $3, $4, $5) RETURNING "id"[0m  [["title", "Why does Ember.js rock?"], ["url", "https://kerricklong.com/articles/why-ember-js-rocks.html"], ["description", "Ember.js is a MVC (Model – View – Controller) JavaScript framework which is maintained by the Ember Core Team (including Tom Dale, Yehuda Katz, and others). It helps developers create ambitious single-page web applications that don't sacrifice what makes the web great: URI semantics, RESTful architecture, and the write-once, run-anywhere trio of HTML, CSS, and JavaScript."], ["created_at", "2019-01-15 16:06:29.437054"], ["updated_at", "2019-01-15 16:06:29.437054"]]
  [1m[35m (0.6ms)[0m  [1m[35mCOMMIT[0m
  [1m[36mArticle Load (0.4ms)[0m  [1m[34mSELECT  "articles".* FROM "articles" WHERE "articles"."title" = $1 LIMIT $2[0m  [["title", "Mozilla Playdoh"], ["LIMIT", 1]]
  [1m[35m (0.2ms)[0m  [1m[35mBEGIN[0m
  [1m[36mArticle Create (0.5ms)[0m  [1m[32mINSERT INTO "articles" ("title", "url", "description", "created_at", "updated_at") VALUES ($1, $2, $3, $4, $5) RETURNING "id"[0m  [["title", "Mozilla Playdoh"], ["url", "http://playdoh.readthedocs.org/en/latest/"], ["description", "Mozilla's Playdoh is a web application template based on Django. Django is a high-level Python Web framework that encourages rapid development and clean, pragmatic design. Playdoh is simply a pre-configured Django project that adds some essential modules and middleware."], ["created_at", "2019-01-15 16:06:29.442412"], ["updated_at", "2019-01-15 16:06:29.442412"]]
  [1m[35m (0.5ms)[0m  [1m[35mCOMMIT[0m
  [1m[36mArticle Load (0.4ms)[0m  [1m[34mSELECT  "articles".* FROM "articles" WHERE "articles"."title" = $1 LIMIT $2[0m  [["title", "Gigablast Search Engine, Now Open Source (C/C++)"], ["LIMIT", 1]]
  [1m[35m (0.2ms)[0m  [1m[35mBEGIN[0m
  [1m[36mArticle Create (0.5ms)[0m  [1m[32mINSERT INTO "articles" ("title", "url", "description", "created_at", "updated_at") VALUES ($1, $2, $3, $4, $5) RETURNING "id"[0m  [["title", "Gigablast Search Engine, Now Open Source (C/C++)"], ["url", "https://www.gigablast.com/"], ["description", "Gigablast is the first truly transparent search engine. It tells you exactly why the search results are ranked the way they are. There is nothing left to the imagination."], ["created_at", "2019-01-15 16:06:29.445891"], ["updated_at", "2019-01-15 16:06:29.445891"]]
  [1m[35m (0.6ms)[0m  [1m[35mCOMMIT[0m
  [1m[36mArticle Load (0.6ms)[0m  [1m[34mSELECT  "articles".* FROM "articles" WHERE "articles"."title" = $1 LIMIT $2[0m  [["title", "Node.js Deployments with Docker, Dokku, & Digital Ocean"], ["LIMIT", 1]]
  [1m[35m (0.3ms)[0m  [1m[35mBEGIN[0m
  [1m[36mArticle Create (0.6ms)[0m  [1m[32mINSERT INTO "articles" ("title", "url", "description", "created_at", "updated_at") VALUES ($1, $2, $3, $4, $5) RETURNING "id"[0m  [["title", "Node.js Deployments with Docker, Dokku, & Digital Ocean"], ["url", "https://medium.com/code-adventures/438bce155dcb"], ["description", "DigitalOcean is a really nice cloud hosting company that offers excellent performance at affordable rates. Docker is an abstraction on top of LXC Containers. Docker introduces a workflow that makes operating containers straightforward and lots of fun. If you want to learn more about docker I suggest you read this article. Dokku is a tiny program that allows you to easily deploy your applications. It was built by progrium (from localtunnel) on top of docker, Buildstep, gitreceive, pluginhook, nginx, Heroku BuildPacks,& sshcommand."], ["created_at", "2019-01-15 16:06:29.450567"], ["updated_at", "2019-01-15 16:06:29.450567"]]
  [1m[35m (0.6ms)[0m  [1m[35mCOMMIT[0m
  [1m[36mArticle Load (0.5ms)[0m  [1m[34mSELECT  "articles".* FROM "articles" WHERE "articles"."title" = $1 LIMIT $2[0m  [["title", "Build a Blog Engine in Go"], ["LIMIT", 1]]
  [1m[35m (0.3ms)[0m  [1m[35mBEGIN[0m
  [1m[36mArticle Create (0.7ms)[0m  [1m[32mINSERT INTO "articles" ("title", "url", "description", "created_at", "updated_at") VALUES ($1, $2, $3, $4, $5) RETURNING "id"[0m  [["title", "Build a Blog Engine in Go"], ["url", "http://0value.com/build-a-blog-engine-in-Go"], ["description", "A static blog generator in Go. It’s called trofaf because that’s its name. Get this: it takes markdown files, reads some YAML front matter, and generates good ol’ HTML files. I can already smell the Nobel. Anyway, the goal of this post is not to brag about the novelty of the thing, but to show how easy it is to get this done with Go’s rich standard library and some fine userland packages."], ["created_at", "2019-01-15 16:06:29.454952"], ["updated_at", "2019-01-15 16:06:29.454952"]]
  [1m[35m (0.7ms)[0m  [1m[35mCOMMIT[0m
Started GET "/" for 127.0.0.1 at 2019-01-15 11:07:06 -0500
  [1m[35m (1.2ms)[0m  [1m[34mSELECT "schema_migrations"."version" FROM "schema_migrations" ORDER BY "schema_migrations"."version" ASC[0m
Processing by ArticlesController#index as HTML
  Rendering articles/index.html.erb within layouts/application
  [1m[36mArticle Load (1.0ms)[0m  [1m[34mSELECT "articles".* FROM "articles"[0m
  Rendered articles/index.html.erb within layouts/application (26.1ms)
Completed 200 OK in 521ms (Views: 504.3ms | ActiveRecord: 10.9ms)


Started GET "/articles/1" for 127.0.0.1 at 2019-01-15 11:32:33 -0500
Processing by ArticlesController#show as HTML
  Parameters: {"id"=>"1"}
  [1m[36mArticle Load (1.4ms)[0m  [1m[34mSELECT  "articles".* FROM "articles" WHERE "articles"."id" = $1 LIMIT $2[0m  [["id", 1], ["LIMIT", 1]]
  Rendering articles/show.html.erb within layouts/application
  Rendered articles/show.html.erb within layouts/application (2.8ms)
Completed 200 OK in 67ms (Views: 40.1ms | ActiveRecord: 13.3ms)


Started GET "/articles/2" for 127.0.0.1 at 2019-01-15 11:32:56 -0500
Processing by ArticlesController#show as HTML
  Parameters: {"id"=>"2"}
  [1m[36mArticle Load (0.6ms)[0m  [1m[34mSELECT  "articles".* FROM "articles" WHERE "articles"."id" = $1 LIMIT $2[0m  [["id", 2], ["LIMIT", 1]]
  Rendering articles/show.html.erb within layouts/application
  Rendered articles/show.html.erb within layouts/application (2.1ms)
Completed 200 OK in 37ms (Views: 30.4ms | ActiveRecord: 0.6ms)


Started GET "/articles" for 127.0.0.1 at 2019-01-15 11:33:18 -0500
Processing by ArticlesController#index as HTML
  Rendering articles/index.html.erb within layouts/application
  [1m[36mArticle Load (0.5ms)[0m  [1m[34mSELECT "articles".* FROM "articles"[0m
  Rendered articles/index.html.erb within layouts/application (2.4ms)
Completed 200 OK in 35ms (Views: 31.4ms | ActiveRecord: 0.5ms)


Started GET "/articles/search?utf8=%E2%9C%93&query=bounding_area&commit=Search" for 127.0.0.1 at 2019-01-15 11:33:30 -0500
Processing by ArticlesController#search as HTML
  Parameters: {"utf8"=>"✓", "query"=>"bounding_area", "commit"=>"Search"}
  Rendering articles/search.html.erb within layouts/application
  [1m[36mArticle Exists (4.5ms)[0m  [1m[34mSELECT  1 AS one FROM "articles" WHERE (title ilike '%bounding_area%' or description ilike '%bounding_area%' or url ilike '%bounding_area%') LIMIT $1[0m  [["LIMIT", 1]]
  Rendered articles/search.html.erb within layouts/application (6.9ms)
Completed 200 OK in 52ms (Views: 43.0ms | ActiveRecord: 4.5ms)


Started GET "/" for 127.0.0.1 at 2019-01-15 11:33:36 -0500
Processing by ArticlesController#index as HTML
  Rendering articles/index.html.erb within layouts/application
  [1m[36mArticle Load (0.7ms)[0m  [1m[34mSELECT "articles".* FROM "articles"[0m
  Rendered articles/index.html.erb within layouts/application (4.7ms)
Completed 200 OK in 79ms (Views: 75.2ms | ActiveRecord: 0.7ms)


Started GET "/articles/new" for 127.0.0.1 at 2019-01-15 11:33:43 -0500
Processing by ArticlesController#new as HTML
  Rendering articles/new.html.erb within layouts/application
  Rendered articles/new.html.erb within layouts/application (43.2ms)
Completed 200 OK in 81ms (Views: 76.0ms | ActiveRecord: 0.0ms)


Started GET "/" for 127.0.0.1 at 2019-01-15 13:16:04 -0500
  [1m[35m (1.6ms)[0m  [1m[34mSELECT "schema_migrations"."version" FROM "schema_migrations" ORDER BY "schema_migrations"."version" ASC[0m
Processing by ArticlesController#index as HTML
  Rendering articles/index.html.erb within layouts/application
  [1m[36mArticle Load (1.1ms)[0m  [1m[34mSELECT "articles".* FROM "articles"[0m
  Rendered articles/index.html.erb within layouts/application (25.3ms)
Completed 200 OK in 419ms (Views: 400.5ms | ActiveRecord: 10.4ms)


Started GET "/" for 127.0.0.1 at 2019-01-19 17:20:22 -0500
  [1m[35m (2.4ms)[0m  [1m[34mSELECT "schema_migrations"."version" FROM "schema_migrations" ORDER BY "schema_migrations"."version" ASC[0m
Processing by ArticlesController#index as HTML
  Rendering articles/index.html.erb within layouts/application
  [1m[36mArticle Load (1.1ms)[0m  [1m[34mSELECT "articles".* FROM "articles"[0m
  Rendered articles/index.html.erb within layouts/application (30.2ms)
Completed 200 OK in 411ms (Views: 391.8ms | ActiveRecord: 12.8ms)


Started GET "/articles/1" for 127.0.0.1 at 2019-01-19 17:20:25 -0500
Processing by ArticlesController#show as HTML
  Parameters: {"id"=>"1"}
  [1m[36mArticle Load (2.4ms)[0m  [1m[34mSELECT  "articles".* FROM "articles" WHERE "articles"."id" = $1 LIMIT $2[0m  [["id", 1], ["LIMIT", 1]]
  Rendering articles/show.html.erb within layouts/application
  Rendered articles/show.html.erb within layouts/application (3.1ms)
Completed 200 OK in 43ms (Views: 27.8ms | ActiveRecord: 2.8ms)


Started GET "/articles/search?utf8=%E2%9C%93&query=hartford&commit=Search" for 127.0.0.1 at 2019-01-19 17:20:37 -0500
Processing by ArticlesController#search as HTML
  Parameters: {"utf8"=>"✓", "query"=>"hartford", "commit"=>"Search"}
  Rendering articles/search.html.erb within layouts/application
  [1m[36mArticle Exists (5.0ms)[0m  [1m[34mSELECT  1 AS one FROM "articles" WHERE (title ilike '%hartford%' or description ilike '%hartford%' or url ilike '%hartford%') LIMIT $1[0m  [["LIMIT", 1]]
  Rendered articles/search.html.erb within layouts/application (9.3ms)
Completed 200 OK in 94ms (Views: 82.6ms | ActiveRecord: 5.0ms)


Started GET "/articles" for 127.0.0.1 at 2019-01-19 17:20:42 -0500
Processing by ArticlesController#index as HTML
  Rendering articles/index.html.erb within layouts/application
  [1m[36mArticle Load (1.0ms)[0m  [1m[34mSELECT "articles".* FROM "articles"[0m
  Rendered articles/index.html.erb within layouts/application (4.7ms)
Completed 200 OK in 50ms (Views: 45.7ms | ActiveRecord: 1.0ms)


Started GET "/articles/2" for 127.0.0.1 at 2019-01-19 17:20:44 -0500
Processing by ArticlesController#show as HTML
  Parameters: {"id"=>"2"}
  [1m[36mArticle Load (0.6ms)[0m  [1m[34mSELECT  "articles".* FROM "articles" WHERE "articles"."id" = $1 LIMIT $2[0m  [["id", 2], ["LIMIT", 1]]
  Rendering articles/show.html.erb within layouts/application
  Rendered articles/show.html.erb within layouts/application (2.8ms)
Completed 200 OK in 41ms (Views: 34.8ms | ActiveRecord: 0.6ms)


Started GET "/articles" for 127.0.0.1 at 2019-01-19 17:20:52 -0500
Processing by ArticlesController#index as HTML
  Rendering articles/index.html.erb within layouts/application
  [1m[36mArticle Load (0.6ms)[0m  [1m[34mSELECT "articles".* FROM "articles"[0m
  Rendered articles/index.html.erb within layouts/application (2.6ms)
Completed 200 OK in 32ms (Views: 26.9ms | ActiveRecord: 0.6ms)


Started GET "/articles/new" for 127.0.0.1 at 2019-01-19 17:20:55 -0500
Processing by ArticlesController#new as HTML
  Rendering articles/new.html.erb within layouts/application
  Rendered articles/new.html.erb within layouts/application (31.1ms)
Completed 200 OK in 60ms (Views: 55.9ms | ActiveRecord: 0.0ms)


Started POST "/articles" for 127.0.0.1 at 2019-01-19 17:21:44 -0500
Processing by ArticlesController#create as HTML
  Parameters: {"utf8"=>"✓", "authenticity_token"=>"8E76s9hq4aJpny/voXyO5a7M6jI0vb4kfOoP6pymRU9auudvz2bgih9f46wCPH0XZKXH6nJDqsr2wcj7w8e+gg==", "article"=>{"title"=>"Big Hairy Minotaurs", "url"=>"https://www.ancient.eu/Minotaur/", "description"=>"Article about minotaurs, because they're cool."}, "commit"=>"Submit"}
  [1m[35m (0.6ms)[0m  [1m[35mBEGIN[0m
  [1m[36mArticle Create (3.2ms)[0m  [1m[32mINSERT INTO "articles" ("title", "url", "description", "created_at", "updated_at") VALUES ($1, $2, $3, $4, $5) RETURNING "id"[0m  [["title", "Big Hairy Minotaurs"], ["url", "https://www.ancient.eu/Minotaur/"], ["description", "Article about minotaurs, because they're cool."], ["created_at", "2019-01-19 22:21:44.394538"], ["updated_at", "2019-01-19 22:21:44.394538"]]
  [1m[35m (1.1ms)[0m  [1m[35mCOMMIT[0m
Redirected to http://localhost:3000/articles/6
Completed 302 Found in 15ms (ActiveRecord: 4.9ms)


Started GET "/articles/6" for 127.0.0.1 at 2019-01-19 17:21:44 -0500
Processing by ArticlesController#show as HTML
  Parameters: {"id"=>"6"}
  [1m[36mArticle Load (0.8ms)[0m  [1m[34mSELECT  "articles".* FROM "articles" WHERE "articles"."id" = $1 LIMIT $2[0m  [["id", 6], ["LIMIT", 1]]
  Rendering articles/show.html.erb within layouts/application
  Rendered articles/show.html.erb within layouts/application (2.4ms)
Completed 200 OK in 35ms (Views: 29.7ms | ActiveRecord: 0.8ms)


Started GET "/articles" for 127.0.0.1 at 2019-01-19 17:21:47 -0500
Processing by ArticlesController#index as HTML
  Rendering articles/index.html.erb within layouts/application
  [1m[36mArticle Load (0.7ms)[0m  [1m[34mSELECT "articles".* FROM "articles"[0m
  Rendered articles/index.html.erb within layouts/application (4.0ms)
Completed 200 OK in 41ms (Views: 30.5ms | ActiveRecord: 0.7ms)


Started GET "/articles/5" for 127.0.0.1 at 2019-01-19 17:21:50 -0500
Processing by ArticlesController#show as HTML
  Parameters: {"id"=>"5"}
  [1m[36mArticle Load (0.6ms)[0m  [1m[34mSELECT  "articles".* FROM "articles" WHERE "articles"."id" = $1 LIMIT $2[0m  [["id", 5], ["LIMIT", 1]]
  Rendering articles/show.html.erb within layouts/application
  Rendered articles/show.html.erb within layouts/application (2.0ms)
Completed 200 OK in 42ms (Views: 38.5ms | ActiveRecord: 0.6ms)


Started GET "/articles" for 127.0.0.1 at 2019-01-19 17:21:56 -0500
Processing by ArticlesController#index as HTML
  Rendering articles/index.html.erb within layouts/application
  [1m[36mArticle Load (0.6ms)[0m  [1m[34mSELECT "articles".* FROM "articles"[0m
  Rendered articles/index.html.erb within layouts/application (3.8ms)
Completed 200 OK in 34ms (Views: 31.6ms | ActiveRecord: 0.6ms)


Started GET "/articles/6" for 127.0.0.1 at 2019-01-19 17:21:57 -0500
Processing by ArticlesController#show as HTML
  Parameters: {"id"=>"6"}
  [1m[36mArticle Load (0.7ms)[0m  [1m[34mSELECT  "articles".* FROM "articles" WHERE "articles"."id" = $1 LIMIT $2[0m  [["id", 6], ["LIMIT", 1]]
  Rendering articles/show.html.erb within layouts/application
  Rendered articles/show.html.erb within layouts/application (1.6ms)
Completed 200 OK in 34ms (Views: 28.5ms | ActiveRecord: 0.7ms)


Started GET "/articles" for 127.0.0.1 at 2019-01-19 17:22:04 -0500
Processing by ArticlesController#index as HTML
  Rendering articles/index.html.erb within layouts/application
  [1m[36mArticle Load (0.6ms)[0m  [1m[34mSELECT "articles".* FROM "articles"[0m
  Rendered articles/index.html.erb within layouts/application (2.5ms)
Completed 200 OK in 32ms (Views: 27.8ms | ActiveRecord: 0.6ms)


Started GET "/articles" for 127.0.0.1 at 2019-01-19 17:22:43 -0500
Processing by ArticlesController#index as HTML
  Rendering articles/index.html.erb within layouts/application
  [1m[36mArticle Load (0.6ms)[0m  [1m[34mSELECT "articles".* FROM "articles"[0m
  Rendered articles/index.html.erb within layouts/application (2.9ms)
Completed 200 OK in 31ms (Views: 28.1ms | ActiveRecord: 0.6ms)


Started GET "/articles/new" for 127.0.0.1 at 2019-01-19 17:22:46 -0500
Processing by ArticlesController#new as HTML
  Rendering articles/new.html.erb within layouts/application
  Rendered articles/new.html.erb within layouts/application (4.1ms)
Completed 200 OK in 32ms (Views: 29.5ms | ActiveRecord: 0.0ms)


Started GET "/articles" for 127.0.0.1 at 2019-01-19 17:40:19 -0500
Processing by ArticlesController#index as HTML
  Rendering articles/index.html.erb within layouts/application
  [1m[36mArticle Load (2.0ms)[0m  [1m[34mSELECT "articles".* FROM "articles"[0m
  Rendered articles/index.html.erb within layouts/application (15.1ms)
Completed 200 OK in 69ms (Views: 56.7ms | ActiveRecord: 7.7ms)


  [1m[35m (9.5ms)[0m  [1m[35mCREATE DATABASE "launcher_news_development" ENCODING = 'unicode'[0m
  [1m[35m (1.1ms)[0m  [1m[35mCREATE DATABASE "launcher_news_test" ENCODING = 'unicode'[0m
Started GET "/" for 127.0.0.1 at 2019-02-27 16:57:05 -0500
  [1m[35m (11.8ms)[0m  [1m[34mSELECT "schema_migrations"."version" FROM "schema_migrations" ORDER BY "schema_migrations"."version" ASC[0m
Processing by ArticlesController#index as HTML
  Rendering articles/index.html.erb within layouts/application
  [1m[36mArticle Load (50.5ms)[0m  [1m[34mSELECT "articles".* FROM "articles"[0m
  Rendered articles/index.html.erb within layouts/application (106.0ms)
Completed 200 OK in 517ms (Views: 422.0ms | ActiveRecord: 87.9ms)


Started GET "/articles/new" for 127.0.0.1 at 2019-02-27 16:57:13 -0500
Processing by ArticlesController#new as HTML
  Rendering articles/new.html.erb within layouts/application
  Rendered articles/new.html.erb within layouts/application (57.0ms)
Completed 200 OK in 110ms (Views: 105.8ms | ActiveRecord: 0.0ms)


Started POST "/articles" for 127.0.0.1 at 2019-02-27 16:57:46 -0500
Processing by ArticlesController#create as HTML
  Parameters: {"utf8"=>"✓", "authenticity_token"=>"n5JIPROfpfXXWyhCTfEo77piPya5/LSF8n3jknSR/8TNsFnzX46pUwdE1EKCD2ptB5k0Rkh7nYwTM6jPPsdc6Q==", "article"=>{"title"=>"Big Hairy Centaurs", "url"=>"https://www.ancient.eu/Centaur/", "description"=>"They exist"}, "commit"=>"Submit"}
  [1m[35m (60.7ms)[0m  [1m[35mBEGIN[0m
  [1m[36mArticle Create (63.8ms)[0m  [1m[32mINSERT INTO "articles" ("title", "url", "description", "created_at", "updated_at") VALUES ($1, $2, $3, $4, $5) RETURNING "id"[0m  [["title", "Big Hairy Centaurs"], ["url", "https://www.ancient.eu/Centaur/"], ["description", "They exist"], ["created_at", "2019-02-27 21:57:46.379265"], ["updated_at", "2019-02-27 21:57:46.379265"]]
  [1m[35m (2.8ms)[0m  [1m[35mCOMMIT[0m
Redirected to http://localhost:3000/articles/7
Completed 302 Found in 140ms (ActiveRecord: 127.2ms)


Started GET "/articles/7" for 127.0.0.1 at 2019-02-27 16:57:46 -0500
Processing by ArticlesController#show as HTML
  Parameters: {"id"=>"7"}
  [1m[36mArticle Load (2.7ms)[0m  [1m[34mSELECT  "articles".* FROM "articles" WHERE "articles"."id" = $1 LIMIT $2[0m  [["id", 7], ["LIMIT", 1]]
  Rendering articles/show.html.erb within layouts/application
  Rendered articles/show.html.erb within layouts/application (3.1ms)
Completed 200 OK in 112ms (Views: 46.3ms | ActiveRecord: 9.9ms)


Started GET "/articles" for 127.0.0.1 at 2019-02-27 16:57:55 -0500
Processing by ArticlesController#index as HTML
  Rendering articles/index.html.erb within layouts/application
  [1m[36mArticle Load (0.6ms)[0m  [1m[34mSELECT "articles".* FROM "articles"[0m
  Rendered articles/index.html.erb within layouts/application (3.6ms)
Completed 200 OK in 37ms (Views: 34.1ms | ActiveRecord: 0.6ms)


Started GET "/articles/search?utf8=%E2%9C%93&query=centaur&commit=Search" for 127.0.0.1 at 2019-02-27 16:58:11 -0500
Processing by ArticlesController#search as HTML
  Parameters: {"utf8"=>"✓", "query"=>"centaur", "commit"=>"Search"}
  Rendering articles/search.html.erb within layouts/application
  [1m[36mArticle Exists (91.1ms)[0m  [1m[34mSELECT  1 AS one FROM "articles" WHERE (title ilike '%centaur%' or description ilike '%centaur%' or url ilike '%centaur%') LIMIT $1[0m  [["LIMIT", 1]]
  [1m[35m (6.9ms)[0m  [1m[34mSELECT COUNT(*) FROM "articles" WHERE (title ilike '%centaur%' or description ilike '%centaur%' or url ilike '%centaur%')[0m
  [1m[36mArticle Load (1.2ms)[0m  [1m[34mSELECT "articles".* FROM "articles" WHERE (title ilike '%centaur%' or description ilike '%centaur%' or url ilike '%centaur%')[0m
  Rendered articles/search.html.erb within layouts/application (105.2ms)
Completed 200 OK in 137ms (Views: 32.5ms | ActiveRecord: 99.2ms)


